<?xml version="1.0" encoding="UTF-8"?>
<testsuites>
  <testsuite name="" tests="5" assertions="17" errors="0" warnings="0" failures="0" skipped="0" time="0.003226">
    <testsuite name="unit" tests="5" assertions="17" errors="0" warnings="0" failures="0" skipped="0" time="0.003226">
      <testsuite name="BlazeCommerce\Tests\Unit\ThemeFunctionsTest" file="/mnt/persist/workspace/tests/unit/ThemeFunctionsTest.php" tests="5" assertions="17" errors="0" warnings="0" failures="0" skipped="0" time="0.003226">
        <testcase name="test_php_basic_functionality" class="BlazeCommerce\Tests\Unit\ThemeFunctionsTest" classname="BlazeCommerce.Tests.Unit.ThemeFunctionsTest" file="/mnt/persist/workspace/tests/unit/ThemeFunctionsTest.php" line="21" assertions="3" time="0.002300"/>
        <testcase name="test_theme_directory_structure" class="BlazeCommerce\Tests\Unit\ThemeFunctionsTest" classname="BlazeCommerce.Tests.Unit.ThemeFunctionsTest" file="/mnt/persist/workspace/tests/unit/ThemeFunctionsTest.php" line="31" assertions="2" time="0.000162"/>
        <testcase name="test_configuration_files_exist" class="BlazeCommerce\Tests\Unit\ThemeFunctionsTest" classname="BlazeCommerce.Tests.Unit.ThemeFunctionsTest" file="/mnt/persist/workspace/tests/unit/ThemeFunctionsTest.php" line="42" assertions="4" time="0.000034"/>
        <testcase name="test_json_configuration_valid" class="BlazeCommerce\Tests\Unit\ThemeFunctionsTest" classname="BlazeCommerce.Tests.Unit.ThemeFunctionsTest" file="/mnt/persist/workspace/tests/unit/ThemeFunctionsTest.php" line="55" assertions="4" time="0.000636"/>
        <testcase name="test_testing_infrastructure" class="BlazeCommerce\Tests\Unit\ThemeFunctionsTest" classname="BlazeCommerce.Tests.Unit.ThemeFunctionsTest" file="/mnt/persist/workspace/tests/unit/ThemeFunctionsTest.php" line="74" assertions="4" time="0.000094"/>
      </testsuite>
    </testsuite>
  </testsuite>
</testsuites>
